CKxDCgiutpZKe3NFz3a0ZvLolFeqJt3yJ+3yJtJyJtsyJFeyJt7olxskJtMkvhiWw+rk0NWOIlnToja79jayZlYO9jV2ZkhEeY??
CKxDCgiutpZKe3NFz3a0ZvLolFeqJt3yJ+3yJtJyJtsyJFeyJt7olxskJtMkvhiWw+rk0NWOLjVx9PA5rlYOZPa6ZIsieNhIt+TXodLq0GS5okhGRP77rkiFQjaa9jLFRPw59tXUJ1VqrvL/Q1VifIV7Z2JmZjNWR1HJ9kw79+T30aAx9xucvNemwIUWR/OmJI7Gola6Z+OFBhV3tMVzYPamvNoT9aAU0+ZzhvHprvLavNhqZjNWZhA7Z2JmZjNW
CKxDCgiNMauKMGHHzxHutPhWvh6EJ+3A0/sA0/3F0/3q0/JE0/3Uvhiqw/3gwag9o+Ykw/7olkMqf+uaZtooe3amojhE9PhWtxHa9ahE91HNz2u5zGsieNhIt+TXodLq0GS5okhGRP77rkiFQjaa9jLFRPw59tXUJ1VqrvL/Q1VifIV7Z2JmZjNW
CKxDCgiutpZKe3NFz3a0ZvLolFeqJt3yJ+3yJtJyJtsyJFeyJt7olxskJtMkvhiWw+rk0NWOIlnToja79jayZlYO9jV2ZkhEeY??
CKxDCgiutpZKe3NFz3a0ZvLolFeqJt3yJ+3yJtJyJtsyJFeyJt7olxskJtMkvhiWw+rk0NWOLjVx9PA5rlYOZPa6ZIsieNhIt+TXodLq0GS5okhGRP77rkiFQjaa9jLFRPw59tXUJ1VqrvL/Q1VifIV7Z2JmZjNWR1HJ9kw79+T30aAx9xucvNemwIUWR/OmJI7Gola6Z+OFBhV3tMVzYPamvNoT9aAU0+ZzhvHprvLavNhqZjNWZhA7Z2JmZjNW
CKxDCgiNMauKMGHHzxHutPhWvh6EJ+3A0/sA0/3F0/3q0/JE0/3Uvhiqw/3gwag9o+Ykw/7olkMqf+uaZtooe3amojhE9PhWtxHa9ahE91HNz2u5zGsieNhIt+TXodLq0GS5okhGRP77rkiFQjaa9jLFRPw59tXUJ1VqrvL/Q1VifIV7Z2JmZjNW
CKxDCgiutpZKe3NFz3a0ZvLolFeqJt3yJ+3yJtJyJtsyJFeyJt7olxskJtMkvhiWw+rk0NWOIlnToja79jayZlYO9jV2ZkhEeY??
CKxDCgiutpZKe3NFz3a0ZvLolFeqJt3yJ+3yJtJyJtsyJFeyJt7olxskJtMkvhiWw+rk0NWOLjVx9PA5rlYOZPa6ZIsieNhIt+TXodLq0GS5okhGRP77rkiFQjaa9jLFRPw59tXUJ1VqrvL/Q1VifIV7Z2JmZjNWR1HJ9kw79+T30aAx9xucvNemwIUWR/OmJI7Gola6Z+OFBhV3tMVzYPamvNoT9aAU0+ZzhvHprvLavNhqZjNWZhA7Z2JmZjNW
CKxDCgiNMauKMGHHzxHutPhWvh6EJ+3A0/sA0/3F0/3q0/JE0/3Uvhiqw/3gwag9o+Ykw/7olkMqf+uaZtooe3amojhE9PhWtxHa9ahE91HNz2u5zGsieNhIt+TXodLq0GS5okhGRP77rkiFQjaa9jLFRPw59tXUJ1VqrvL/Q1VifIV7Z2JmZjNW
CKxDCgiutpZKe3NFz3a0ZvLolFeqJt3yJ+3yJtJyJtsyJFeyJt7olxskJtMkvhiWw+rk0NWOIlnToja79jayZlYO9jV2ZkhEeY??
CKxDCgiutpZKe3NFz3a0ZvLolFeqJt3yJ+3yJtJyJtsyJFeyJt7olxskJtMkvhiWw+rk0NWOLjVx9PA5rlYOZPa6ZIsieNhIt+TXodLq0GS5okhGRP77rkiFQjaa9jLFRPw59tXUJ1VqrvL/Q1VifIVm9xhqZjNWZIngQIqOtjV/rlqyL+TzokVEQgAIR/Mmw1UUR/3Xr2hT9jYUJEabL3gKv3uT9aAvQlnzf+OkvNhqZjNWZhAhzjL7ojhz9PVgzjL7ojMmolp?
CKxDCgiNMauKMGHHzxHutPhWvh6EJ+3A0/sA0/3F0/3q0/JE0/3Uvhiqw/3gwag9o+Ykw/7olkMqf+uaZtooe3amojhE9PhWtxHa9ahE91HNz2u5zGsieNhIt+TXodLq0GS5okhGRP77rkiFQjaa9jLFRPw59tXUJ1VqrvL/Q1VifIVm9xhqZjNWZIngQY??
CKxDCgiutpZKe3NFz3a0ZvLolFeqJt3yJ+3yJtJyJtsyJFeyJt7olxskJtMkvhiWw+rk0NWOIlnToja79jayZlYO9jV2ZkhEeY??
CKxDCgiutpZKe3NFz3a0ZvLolFeqJt3yJ+3yJtJyJtsyJFeyJt7olxskJtMkvhiWw+rk0NWOLjVx9PA5rlYOZPa6ZIsieNhIt+TXodLq0GS5okhGRP77rkiFQjaa9jLFRPw59tXUJ1VqrvL/Q1VifIVm9xhqZjNWZIngQIqOtjV/rlqyL+TzokVEQgAIR/Mmw1UUR/3Xr2hT9jYUJEabL3gKv3uT9aAvQlnzf+OkvNhqZjNWZhAhzjL7ojhz9PVgzjL7ojMmolp?
CKxDCgiNMauKMGHHzxHutPhWvh6EJ+3A0/sA0/3F0/3q0/JE0/3Uvhiqw/3gwag9o+Ykw/7olkMqf+uaZtooe3amojhE9PhWtxHa9ahE91HNz2u5zGsieNhIt+TXodLq0GS5okhGRP77rkiFQjaa9jLFRPw59tXUJ1VqrvL/Q1VifIVm9xhqZjNWZIngQY??
CKxDCgiutpZKe3NFz3a0ZvLolFeqJt3yJ+3yJtJyJtsyJFeyJt7olxskJtMkvhiWw+rk0NWOIlnToja79jayZlYO9jV2ZkhEeY??
CKxDCgiutpZKe3NFz3a0ZvLolFeqJt3yJ+3yJtJyJtsyJFeyJt7olxskJtMkvhiWw+rk0NWOLjVx9PA5rlYOZPa6ZIsieNhIt+TXodLq0GS5okhGRP77rkiFQjaa9jLFRPw59tXUJ1VqrvL/Q1VifIVm9xhqZjNWZIngQIqOtjV/rlqyL+TzokVEQgAIR/Mmw1UUR/3Xr2hT9jYUJEabL3gKv3uT9aAvQlnzf+OkvNhqZjNWZhAhzjL7ojhz9PVgzjL7ojMmolp?
CKxDCgiNMauKMGHHzxHutPhWvh6EJ+3A0/sA0/3F0/3q0/JE0/3Uvhiqw/3gwag9o+Ykw/7olkMqf+uaZtooe3amojhE9PhWtxHa9ahE91HNz2u5zGsieNhIt+TXodLq0GS5okhGRP77rkiFQjaa9jLFRPw59tXUJ1VqrvL/Q1VifIVm9xhqZjNWZIngQY??
CKxDCgiutpZKe3NFz3a0ZvLolFeqJt3yJ+3yJtJyJtsyJFeyJt7olxskJtMkvhiWw+rk0NWOIlnToja79jayZlYO9jV2ZkhEeY??
CKxDCgiutpZKe3NFz3a0ZvLolFeqJt3yJ+3yJtJyJtsyJFeyJt7olxskJtMkvhiWw+rk0NWOLjVx9PA5rlYOZPa6ZIsieNhIt+TXodLq0GS5okhGRP77rkiFQjaa9jLFRPw59tXUJ1VqrvL/Q1VifIV7QjUmolp6e3A5rkN60pYyvdo5zPizMGUgR/Ym01UABjugQlAp0+JTvWLwtgA1QlnzhkamvdOUwaAhzjL7ojhzhvHprvLavjNX9GngQY??
CKxDCgiNMauKMGHHzxHutPhWvh6EJ+3A0/sA0/3F0/3q0/JE0/3Uvhiqw/3gwag9o+Ykw/7olkMqf+uaZtooe3amojhE9PhWtxHa9ahE91HNz2u5zGsieNhIt+TXodLq0GS5okhGRP77rkiFQjaa9jLFRPw59tXUJ1VqrvL/Q1VifIV7QjUmolp?
CKxDCgiutpZKe3NFz3a0ZvLolFeqJt3yJ+3yJtJyJtsyJFeyJt7olxskJtMkvhiWw+rk0NWOIlnToja79jayZlYO9jV2ZkhEeY??
CKxDCgiutpZKe3NFz3a0ZvLolFeqJt3yJ+3yJtJyJtsyJFeyJt7olxskJtMkvhiWw+rk0NWOLjVx9PA5rlYOZPa6ZIsieNhIt+TXodLq0GS5okhGRP77rkiFQjaa9jLFRPw59tXUJ1VqrvL/Q1VifIV7QjUmolp6e3A5rkN60pYyvdo5zPizMGUgR/Ym01UABjugQlAp0+JTvWLwtgA1QlnzhkamvdOUwaAhzjL7ojhzhvHprvLavjNX9GngQY??
CKxDCgiNMauKMGHHzxHutPhWvh6EJ+3A0/sA0/3F0/3q0/JE0/3Uvhiqw/3gwag9o+Ykw/7olkMqf+uaZtooe3amojhE9PhWtxHa9ahE91HNz2u5zGsieNhIt+TXodLq0GS5okhGRP77rkiFQjaa9jLFRPw59tXUJ1VqrvL/Q1VifIV7QjUmolp?
CKxDCgiutpZKe3NFz3a0ZvLolFeqJt3yJ+3yJtJyJtsyJFeyJt7olxskJtMkvhiWw+rk0NWOIlnToja79jayZlYO9jV2ZkhEeY??
CKxDCgiutpZKe3NFz3a0ZvLolFeqJt3yJ+3yJtJyJtsyJFeyJt7olxskJtMkvhiWw+rk0NWOLjVx9PA5rlYOZPa6ZIsieNhIt+TXodLq0GS5okhGRP77rkiFQjaa9jLFRPw59tXUJ1VqrvL/Q1VifIV7QjUmolp6e3A5rkN60pYyvdo5zPizMGUgR/Ym01UABjugQlAp0+JTvWLwtgA1QlnzhkamvdOUwaAhzjL7ojhzhvHprvLavjNX9GngQY??
CKxDCgiNMauKMGHHzxHutPhWvh6EJ+3A0/sA0/3F0/3q0/JE0/3Uvhiqw/3gwag9o+Ykw/7olkMqf+uaZtooe3amojhE9PhWtxHa9ahE91HNz2u5zGsieNhIt+TXodLq0GS5okhGRP77rkiFQjaa9jLFRPw59tXUJ1VqrvL/Q1VifIV7QjUmolp?
CKxDCgiutpZKe3NFz3a0ZvLolFeqJt3yJ+3yJtJyJtsyJFeyJt7olxskJtMkvhiWw+rk0NWOIlnToja79jayZlYO9jV2ZkhEeY??
CKxDCgiutpZKe3NFz3a0ZvLolFeqJt3yJ+3yJtJyJtsyJFeyJt7olxskJtMkvhiWw+rk0NWOIlnToja79jayZlYO9jV2ZkhEeY??
CKxDCgiutpZKe3NFz3a0ZvLolFeqJt3yJ+3yJtJyJtsyJFeyJt7olxskJtMkvhiWw+rk0NWOLjVx9PA5rlYOZPa6ZIsieNhIt+TXodLq0GS5JtexR/smJ1UA0/YgwGVqrvL/Q1VifIV7Z2JmZjNWR1HJ9kw79+T30aAx9xucvNemwIUWR/OmJI7Gola6Z+OFBhV3tMVzYPamvNoT9aAU0+ZzhvHprvLavNhqZjNWZhA7Z2JmZjNW
CKxDCgiNMauKMGHHzxHutPhWvh6EJ+3A0/sA0/3F0/3q0/JE0/3nvhiqw/3gwag9o+Ykw/7olkMqf+uaZPLoe3amojhE9PhWtxHa9ahE91HNz2u5zGsieNhIt+TXodLq0GS5JtexR/smJ1UA0/YgwGVqrvL/Q1VifIV7Z2JmZjNW
CKxDCgiutpZKe3NFz3a0ZvLolFeqJt3yJ+3yJtJyJtsyJFeyJtaolxskJtMkvhiWw+rk0NWOIlnToja79jayZlYO9jV2ZkhEeY??
CKxDCgiutpZKe3NFz3a0ZvLolFeqJt3yJ+3yJtJyJtsyJFeyJtaolxskJtMkvhiWw+rk0NWOLjVx9PA5rlYOZPa6ZIsieNhIt+TXodLq0GS5JtexR/smJ1UA0/YgwGVqrvL/Q1VifIV7Z2JmZjNWR1HJ9kw79+T30aAx9xucvNemwIUWR/OmJI7Gola6Z+OFBhV3tMVzYPamvNoT9aAU0+ZzhvHprvLavNhqZjNWZhA7Z2JmZjNW
CKxDCgiNMauKMGHHzxHutPhWvh6EJ+3A0/sA0/3F0/3q0/JE0/eqvhiqw/3gwag9o+Ykw/7olkMqf+uaZPLoe3amojhE9PhWtxHa9ahE91HNz2u5zGsieNhIt+TXodLq0GS5JtexR/smJ1UA0/YgwGVqrvL/Q1VifIV7Z2JmZjNW
CKxDCgiutpZKe3NFz3a0ZvLolFeqJt3yJ+3yJtJyJtsyJFeyJ/HolxskJtMkvhiWw+rk0NWOIlnToja79jayZlYO9jV2ZkhEeY??
CKxDCgiutpZKe3NFz3a0ZvLolFeqJt3yJ+3yJtJyJtsyJFeyJ/HolxskJtMkvhiWw+rk0NWOLjVx9PA5rlYOZPa6ZIsieNhIt+TXodLq0GS5JtexR/smJ1UA0/YgwGVqrvL/Q1VifIV7Z2JmZjNWR1HJ9kw79+T30aAx9xucvNemwIUWR/OmJI7Gola6Z+OFBhV3tMVzYPamvNoT9aAU0+ZzhvHprvLavNhqZjNWZhA7Z2JmZjNW
CKxDCgiNMauKMGHHzxHutPhWvh6EJ+3A0/sA0/3F0/3q0/JE0/eAvhiqw/3gwag9o+Ykw/7olkMqf+uaZPLoe3amojhE9PhWtxHa9ahE91HNz2u5zGsieNhIt+TXodLq0GS5JtexR/smJ1UA0/YgwGVqrvL/Q1VifIV7Z2JmZjNW
CKxDCgiutpZKe3NFz3a0ZvLolFeqJt3yJ+3yJtJyJtsyJFeyJ/NolxskJtMkvhiWw+rk0NWOIlnToja79jayZlYO9jV2ZkhEeY??
CKxDCgiutpZKe3NFz3a0ZvLolFeqJt3yJ+3yJtJyJtsyJFeyJ/NolxskJtMkvhiWw+rk0NWOLjVx9PA5rlYOZPa6ZIsieNhIt+TXodLq0GS5JtexR/smJ1UA0/YgwGVqrvL/Q1VifIVm9xhqZjNWZIngQIqOtjV/rlqyL+TzokVEQgAIR/Mmw1UUR/3Xr2hT9jYUJEabL3gKv3uT9aAvQlnzf+OkvNhqZjNWZhAhzjL7ojhz9PVgzjL7ojMmolp?
CKxDCgiNMauKMGHHzxHutPhWvh6EJ+3A0/sA0/3F0/3q0/JE0/eEvhiqw/3gwag9o+Ykw/7olkMqf+uaZPLoe3amojhE9PhWtxHa9ahE91HNz2u5zGsieNhIt+TXodLq0GS5JtexR/smJ1UA0/YgwGVqrvL/Q1VifIVm9xhqZjNWZIngQY??
CKxDCgiutpZKe3NFz3a0ZvLolFeqJt3yJ+3yJtJyJtsyJFeyJ/uolxskJtMkvhiWw+rk0NWOIlnToja79jayZlYO9jV2ZkhEeY??
CKxDCgiutpZKe3NFz3a0ZvLolFeqJt3yJ+3yJtJyJtsyJFeyJ/uolxskJtMkvhiWw+rk0NWOLjVx9PA5rlYOZPa6ZIsieNhIt+TXodLq0GS5JtexR/smJ1UA0/YgwGVqrvL/Q1VifIVm9xhqZjNWZIngQIqOtjV/rlqyL+TzokVEQgAIR/Mmw1UUR/3Xr2hT9jYUJEabL3gKv3uT9aAvQlnzf+OkvNhqZjNWZhAhzjL7ojhz9PVgzjL7ojMmolp?
CKxDCgiNMauKMGHHzxHutPhWvh6EJ+3A0/sA0/3F0/3q0/JE0/eFvhiqw/3gwag9o+Ykw/7olkMqf+uaZPLoe3amojhE9PhWtxHa9ahE91HNz2u5zGsieNhIt+TXodLq0GS5JtexR/smJ1UA0/YgwGVqrvL/Q1VifIVm9xhqZjNWZIngQY??
CKxDCgiutpZKe3NFz3a0ZvLolFeqJt3yJ+3yJtJyJtsyJFeyJ/wolxskJtMkvhiWw+rk0NWOIlnToja79jayZlYO9jV2ZkhEeY??
CKxDCgiutpZKe3NFz3a0ZvLolFeqJt3yJ+3yJtJyJtsyJFeyJ/wolxskJtMkvhiWw+rk0NWOLjVx9PA5rlYOZPa6ZIsieNhIt+TXodLq0GS5JtexR/smJ1UA0/YgwGVqrvL/Q1VifIVm9xhqZjNWZIngQIqOtjV/rlqyL+TzokVEQgAIR/Mmw1UUR/3Xr2hT9jYUJEabL3gKv3uT9aAvQlnzf+OkvNhqZjNWZhAhzjL7ojhz9PVgzjL7ojMmolp?
CKxDCgiNMauKMGHHzxHutPhWvh6EJ+3A0/sA0/3F0/3q0/JE0/eWvhiqw/3gwag9o+Ykw/7olkMqf+uaZPLoe3amojhE9PhWtxHa9ahE91HNz2u5zGsieNhIt+TXodLq0GS5JtexR/smJ1UA0/YgwGVqrvL/Q1VifIVm9xhqZjNWZIngQY??
CKxDCgiutpZKe3NFz3a0ZvLolFeqJt3yJ+3yJtJyJtsyJFeyJ/LolxskJtMkvhiWw+rk0NWOIlnToja79jayZlYO9jV2ZkhEeY??
CKxDCgiutpZKe3NFz3a0ZvLolFeqJt3yJ+3yJtJyJtsyJFeyJ/LolxskJtMkvhiWw+rk0NWOLjVx9PA5rlYOZPa6ZIsieNhIt+TXodLq0GS5JtexR/smJ1UA0/YgwGVqrvL/Q1VifIV7QjUmolp6e3A5rkN60pYyvdo5zPizMGUgR/Ym01UABjugQlAp0+JTvWLwtgA1QlnzhkamvdOUwaAhzjL7ojhzhvHprvLavjNX9GngQY??
CKxDCgiNMauKMGHHzxHutPhWvh6EJ+3A0/sA0/3F0/3q0/JE0/egvhiqw/3gwag9o+Ykw/7olkMqf+uaZPLoe3amojhE9PhWtxHa9ahE91HNz2u5zGsieNhIt+TXodLq0GS5JtexR/smJ1UA0/YgwGVqrvL/Q1VifIV7QjUmolp?
CKxDCgiutpZKe3NFz3a0ZvLolFeqJt3yJ+3yJtJyJtsyJFeyJ/holxskJtMkvhiWw+rk0NWOIlnToja79jayZlYO9jV2ZkhEeY??
CKxDCgiutpZKe3NFz3a0ZvLolFeqJt3yJ+3yJtJyJtsyJFeyJ/holxskJtMkvhiWw+rk0NWOLjVx9PA5rlYOZPa6ZIsieNhIt+TXodLq0GS5JtexR/smJ1UA0/YgwGVqrvL/Q1VifIV7QjUmolp6e3A5rkN60pYyvdo5zPizMGUgR/Ym01UABjugQlAp0+JTvWLwtgA1QlnzhkamvdOUwaAhzjL7ojhzhvHprvLavjNX9GngQY??
CKxDCgiNMauKMGHHzxHutPhWvh6EJ+3A0/sA0/3F0/3q0/JE0/ekvhiqw/3gwag9o+Ykw/7olkMqf+uaZPLoe3amojhE9PhWtxHa9ahE91HNz2u5zGsieNhIt+TXodLq0GS5JtexR/smJ1UA0/YgwGVqrvL/Q1VifIV7QjUmolp?
CKxDCgiutpZKe3NFz3a0ZvLolFeqJt3yJ+3yJtJyJtsyJFeyJ/ZolxskJtMkvhiWw+rk0NWOIlnToja79jayZlYO9jV2ZkhEeY??
CKxDCgiutpZKe3NFz3a0ZvLolFeqJt3yJ+3yJtJyJtsyJFeyJ/ZolxskJtMkvhiWw+rk0NWOLjVx9PA5rlYOZPa6ZIsieNhIt+TXodLq0GS5JtexR/smJ1UA0/YgwGVqrvL/Q1VifIV7QjUmolp6e3A5rkN60pYyvdo5zPizMGUgR/Ym01UABjugQlAp0+JTvWLwtgA1QlnzhkamvdOUwaAhzjL7ojhzhvHprvLavjNX9GngQY??
CKxDCgiNMauKMGHHzxHutPhWvh6EJ+3A0/sA0/3F0/3q0/JE0/exvhiqw/3gwag9o+Ykw/7olkMqf+uaZPLoe3amojhE9PhWtxHa9ahE91HNz2u5zGsieNhIt+TXodLq0GS5JtexR/smJ1UA0/YgwGVqrvL/Q1VifIV7QjUmolp?
CKxDCgiutpZKe3NFz3a0ZvLolFeqJt3yJ+3yJtJyJtsyJFeyJ/oolxskJtMkvhiWw+rk0NWOIlnToja79jayZlYO9jV2ZkhEeY??
CKxDCgiutpZKe3NFz3a0ZvLolFeqJt3yJ+3yJtJyJtsyJFeyJ/oolxskJtMkvhiWw+rk0NWOIlnToja79jayZlYO9jV2ZkhEeY??
CKxDCgiutpZKe3NFz3a0ZvLolFeqJt3yJ+3yJtJyJtsyJFeyJ/oolxskJtMkvhiWw+rk0NWOIlnToja79jayZlYO9jV2ZkhEeY??
CKxDCgiutpZKe3NFz3a0ZvLolFeqJt3yJ+3yJtYyJ+pywtsyJtaolxsFw+rqvhiWw/YkJNWOIlnToja79jayZlYO9jV2ZkhEeY??
CKxDCgiutpZKe3NFz3a0ZvLolFeqJt3yJ+3yJtYyJtsyJ+eyJtuolxskw/sqvhiWJFMUJNWOIlnToja79jayZlYO9jV2ZkhEeY??
CKxDCgiutpZKe3NFz3a0ZvLolFeqJt3yJ+3yJtYyJtsyJ+YyJ+HolxsFJF3EvhiWJFskwNWOIlnToja79jayZlYO9jV2ZkhEeY??
CKxDCgiutpZKe3NFz3a0ZvLolFeqJt3yJ+3yJtYyJtsyJ+ryJtuolxsgJ+YqvhiWw/pgwaWOIlnToja79jayZlYO9jV2ZkhEeY??
CKxDCgiutpZKe3NFz3a0ZvLolFeqJt3yJ+3yJtYyJtsywtsyJFwolxskw+rqvhiWwtpnJaWOIlnToja79jayZlYO9jV2ZkhEeY??
CKxDCgiutpZKe3NFz3a0ZvLolFeqJt3yJ+3yJtYyJtsywteyJ+holxsgw+OUvhiWJFpE0NWOIlnToja79jayZlYO9jV2ZkhEeY??
CKxDCgiutpZKe3NFz3a0ZvLolFeqJt3yJ+3yJtYyJt3ywtOyJFaolxsWJ/JkvhiWw/rAJaWOIlnToja79jayZlYO9jV2ZkhEeY??
CKxDCgiutpZKe3NFz3a0ZvLolFeqJt3yJ+3yJtYyJtMyJtYywtuolxsgw/3EvhiWw/OUwNWOIlnToja79jayZlYO9jV2ZkhEeY??
CKxDCgiutpZKe3NFz3a0ZvLolFeqJt3yJ+3yJtYyJtMyJtMyJtZolxsEwtOqvhiWwtOgJaWOIlnToja79jayZlYO9jV2ZkhEeY??
CKxDCgiutpZKe3NFz3a0ZvLolFeqJt3yJ+3yJtYyJtMyJtpyJtNolxsgw/3EvhiWw/Yk0NWOIlnToja79jayZlYO9jV2ZkhEeY??
CKxDCgiutpZKe3NFz3a0ZvLolFeqJt3yJ+3yJtOyJ+Jyw+zyw+LolxsFw+zkvhiWJ/OFwaWOIlnToja79jayZlYO9jV2ZkhEeY??
CKxDCgiutpZKe3NFz3a0ZvLolFeqJt3yJ+3yJtOyJ+Jyw+pyw+wolxsAJ+YWvhiWJ/zkJNWOIlnToja79jayZlYO9jV2ZkhEeY??
CKxDCgiutpZKe3NFz3a0ZvLolFeqJt3yJ+3yJtOyJ+JywtsyJFHolxsAJ/YWvhiWJ/OFJaWOIlnToja79jayZlYO9jV2ZkhEeY??
CKxDCgiutpZKe3NFz3a0ZvLolFeqJt3yJ+3yJtOyJ+YyJtMyJ+aolxsAw+eWvhiWw/JkvIHu9PaWQlN6QvTaZ1H69ko2Zve7
CKxDCgiutpZKe3NFz3a0ZvLolFeqJt3yJ+3yJtOyJ+YyJtOyw+wolxsEJFzkvhiWJFeqwNWOIlnToja79jayZlYO9jV2ZkhEeY??
CKxDCgiutpZKe3NFz3a0ZvLolFeqJt3yJ+3yJtOyJ/JyJtOyJtuolxsFwtYUvhiWJtzk0NWOIlnToja79jayZlYO9jV2ZkhEeY??
CKxDCgiutpZKe3NFz3a0ZvLolFeqJt3yJ+3yJtpyJ/JyJ/3yJFLolxsFJtrUvhiWJFOnwaWOIlnToja79jayZlYO9jV2ZkhEeY??
CKxDCgiutpZKe3NFz3a0ZvLolFeqJt3yJ+3yJtpyJ/JyJFMyJFuolxsFJ/pkvhiWJtzUJNWOIlnToja79jayZlYO9jV2ZkhEeY??
CKxDCgiutpZKe3NFz3a0ZvLolFeqJt3yJ+3yJ/syJ+syJ+OyJ+HolxsFw+sUvhiWJ/YFwaWOIlnToja79jayZlYO9jV2ZkhEeY??
CKxDCgiutpZKe3NFz3a0ZvLolFeqJt3yJ+3yJ/syJ+YyJ+syJF7olxsFw/sqvhiWJFrUJNWOIlnToja79jayZlYO9jV2ZkhEeY??
