[ 2013/ 5/ 6 -  9:15:20:644] [AHNHSUPDEXA] Start  
[ 2013/ 5/ 6 -  9:15:36:582] [AHNHSUPDEXA] GEF 0x30000018 in 0x6000000 
[ 2013/ 5/ 6 -  9:15:37:301] [AHNHSUPDEXA] V : 0x2010206 
[ 2013/ 5/ 6 -  9:15:37:301] [AHNHSUPDEXA] TO(600000), TOPC(60000)  
[ 2013/ 5/ 6 -  9:15:37:301] [AHNHSUPDEXA] RV 0x30000018 
[ 2013/ 5/ 6 -  9:15:37:301] [AHNHSUPDEXA] End 
[ 2013/ 5/ 6 -  9:40:30:671] [AHNHSUPDEXA] Start  
[ 2013/ 5/ 6 -  9:40:53:656] [AHNHSUPDEXA] GEF 0x30000018 in 0x6000000 
[ 2013/ 5/ 6 -  9:40:54: 78] [AHNHSUPDEXA] V : 0x2010206 
[ 2013/ 5/ 6 -  9:40:54: 78] [AHNHSUPDEXA] TO(600000), TOPC(60000)  
[ 2013/ 5/ 6 -  9:40:54: 78] [AHNHSUPDEXA] RV 0x30000018 
[ 2013/ 5/ 6 -  9:40:54: 78] [AHNHSUPDEXA] End 
[ 2013/ 5/ 6 - 18:57:53:156] [AHNHSUPDEXA] Start  
[ 2013/ 5/ 6 - 18:58:32:296] [AHNHSUPDEXA] GEF 0x30000018 in 0x6000000 
[ 2013/ 5/ 6 - 18:58:33:812] [AHNHSUPDEXA] V : 0x2010206 
[ 2013/ 5/ 6 - 18:58:33:812] [AHNHSUPDEXA] TO(600000), TOPC(60000)  
[ 2013/ 5/ 6 - 18:58:33:812] [AHNHSUPDEXA] RV 0x30000018 
[ 2013/ 5/ 6 - 18:58:33:812] [AHNHSUPDEXA] End 
[ 2013/10/ 7 - 15:27: 2:593] [AHNHSUPDEXA] Start  
[ 2013/10/ 7 - 15:27: 2:656] [AHNHSUPDA] Start (HS) 
[ 2013/10/ 7 - 15:28:28:171] [AHNHSUPDA] End  
[ 2013/10/ 7 - 15:28:28:171] [AHNHSUPDEXA] End 
[ 2013/10/ 7 - 15:28:29:859] [AHNHSMON] (0) 
[ 2013/10/ 7 - 15:29:50:937] [AHNHSUPDEXA] Start  
[ 2013/10/ 7 - 15:29:50:953] [AHNHSUPDA] Start (HS) 
[ 2013/10/ 7 - 15:30: 2:859] [AHNHSUPDA] AU_RV 0x27dc in 0xc060000 
[ 2013/10/ 7 - 15:30: 2:859] [AHNHSUPDA] End  
[ 2013/10/ 7 - 15:30: 2:859] [AHNHSUPDEXA] End 
[ 2013/10/ 7 - 15:30: 4:187] [AHNHSMON] (0) 
[ 2013/10/12 -  1:34:13:735] [AHNHSUPDEXA] Start  
[ 2013/10/12 -  1:34:13:813] [AHNHSUPDA] Start (HS) 
[ 2013/10/12 -  1:34:32:  0] [AHNHSUPDA] AU_RV 0x27dc in 0xc060000 
[ 2013/10/12 -  1:34:32:  0] [AHNHSUPDA] End  
[ 2013/10/12 -  1:34:32:  0] [AHNHSUPDEXA] End 
[ 2013/10/12 -  1:34:33:594] [AHNHSMON] (0) 
[ 2013/10/13 - 20:36:41:734] [AHNHSUPDEXA] Start  
[ 2013/10/13 - 20:36:41:781] [AHNHSUPDA] Start (HS) 
[ 2013/10/13 - 20:37: 8:515] [AHNHSUPDA] AU_RV 0x27dc in 0xc060000 
[ 2013/10/13 - 20:37: 8:531] [AHNHSUPDA] End  
[ 2013/10/13 - 20:37: 8:531] [AHNHSUPDEXA] End 
[ 2013/10/13 - 20:37:10:156] [AHNHSMON] (0) 
[ 2013/11/28 - 21:14: 9:390] [AHNHSUPDEXA] Start  
[ 2013/11/28 - 21:14: 9:421] [AHNHSUPDA] Start (HS) 
[ 2013/11/28 - 21:14:10:906] [AHNHSUPDA] 0x30000030 in 0xb000000 
[ 2013/11/28 - 21:14:11:906] [AHNHSUPDA] V : 0x2010208 
[ 2013/11/28 - 21:14:11:906] [AHNHSUPDA] TO(600000), TOPC(60000)  
[ 2013/11/28 - 21:14:11:906] [AHNHSUPDA] RV 0x30000030  
[ 2013/11/28 - 21:14:11:906] [AHNHSUPDA] End  
[ 2013/11/28 - 21:14:11:906] [AHNHSUPDEXA] V : 0x2010208 
[ 2013/11/28 - 21:14:11:906] [AHNHSUPDEXA] TO(600000), TOPC(60000)  
[ 2013/11/28 - 21:14:11:906] [AHNHSUPDEXA] RV 0x30000030 
[ 2013/11/28 - 21:14:11:906] [AHNHSUPDEXA] End 
[ 2013/12/25 -  7:31:37:171] [AHNHSUPDEXA] Start  
[ 2013/12/25 -  7:31:37:468] [AHNHSUPDA] Start (HS) 
[ 2013/12/25 -  7:35:45:265] [AHNHSUPDA] End  
[ 2013/12/25 -  7:35:45:265] [AHNHSUPDEXA] End 
[ 2013/12/25 -  7:35:46:875] [AHNHSMON] (0) 
[ 2014/ 1/19 - 14:32:44:484] [AHNHSUPDEXA] Start  
[ 2014/ 1/19 - 14:32:44:546] [AHNHSUPDA] Start (HS) 
[ 2014/ 1/19 - 14:40:49:421] [AHNHSUPDA] End  
[ 2014/ 1/19 - 14:40:49:484] [AHNHSUPDEXA] End 
[ 2014/ 1/19 - 14:41: 0:718] [AHNHSMON] (0) 
